<?xml version="1.0" encoding="UTF-8"?>
<!-- Generated by org.testng.reporters.JUnitXMLReporter -->
<testsuite hostname="DESKTOP-OAVT275" ignored="0" name="Default test" tests="5" failures="0" timestamp="2020-08-04T20:02:07 EDT" time="56.342" errors="0">
  <testcase name="open" time="0.828" classname="com.test.ExcelRead"/>
  <testcase name="open" time="0.926" classname="com.test.ExcelRead"/>
  <testcase name="open" time="0.817" classname="com.test.ExcelRead"/>
  <testcase name="open" time="0.824" classname="com.test.ExcelRead"/>
  <testcase name="open" time="0.857" classname="com.test.ExcelRead"/>
</testsuite> <!-- Default test -->
