<?xml version="1.0" encoding="UTF-8"?>
<testng-results skipped="0" failed="0" ignored="0" total="5" passed="5">
  <reporter-output>
  </reporter-output>
  <suite name="Default suite" duration-ms="56342" started-at="2020-08-04T20:01:11 EDT" finished-at="2020-08-04T20:02:07 EDT">
    <groups>
    </groups>
    <test name="Default test" duration-ms="56342" started-at="2020-08-04T20:01:11 EDT" finished-at="2020-08-04T20:02:07 EDT">
      <class name="com.test.ExcelRead">
        <test-method status="PASS" signature="open()[pri:0, instance:com.test.ExcelRead@64729b1e]" name="open" is-config="true" duration-ms="10466" started-at="2020-08-04T20:01:11 EDT" finished-at="2020-08-04T20:01:22 EDT">
          <reporter-output>
          </reporter-output>
        </test-method> <!-- open -->
        <test-method status="PASS" signature="open(java.lang.Object, java.lang.Object, java.lang.Object, java.lang.Object)[pri:0, instance:com.test.ExcelRead@64729b1e]" name="open" duration-ms="828" started-at="2020-08-04T20:01:22 EDT" data-provider="Facebook" finished-at="2020-08-04T20:01:23 EDT">
          <params>
            <param index="0">
              <value>
                <![CDATA[Mr]]>
              </value>
            </param>
            <param index="1">
              <value>
                <![CDATA[Arif]]>
              </value>
            </param>
            <param index="2">
              <value>
                <![CDATA[3.478431234E9]]>
              </value>
            </param>
            <param index="3">
              <value>
                <![CDATA[8.7429209E7]]>
              </value>
            </param>
          </params>
          <reporter-output>
          </reporter-output>
        </test-method> <!-- open -->
        <test-method status="PASS" signature="close()[pri:0, instance:com.test.ExcelRead@64729b1e]" name="close" is-config="true" duration-ms="4412" started-at="2020-08-04T20:01:23 EDT" finished-at="2020-08-04T20:01:27 EDT">
          <reporter-output>
          </reporter-output>
        </test-method> <!-- close -->
        <test-method status="PASS" signature="open()[pri:0, instance:com.test.ExcelRead@64729b1e]" name="open" is-config="true" duration-ms="7730" started-at="2020-08-04T20:01:27 EDT" finished-at="2020-08-04T20:01:35 EDT">
          <reporter-output>
          </reporter-output>
        </test-method> <!-- open -->
        <test-method status="PASS" signature="open(java.lang.Object, java.lang.Object, java.lang.Object, java.lang.Object)[pri:0, instance:com.test.ExcelRead@64729b1e]" name="open" duration-ms="926" started-at="2020-08-04T20:01:35 EDT" data-provider="Facebook" finished-at="2020-08-04T20:01:36 EDT">
          <params>
            <param index="0">
              <value>
                <![CDATA[Md]]>
              </value>
            </param>
            <param index="1">
              <value>
                <![CDATA[Mosiur]]>
              </value>
            </param>
            <param index="2">
              <value>
                <![CDATA[6.462329876E9]]>
              </value>
            </param>
            <param index="3">
              <value>
                <![CDATA[9.8058609E7]]>
              </value>
            </param>
          </params>
          <reporter-output>
          </reporter-output>
        </test-method> <!-- open -->
        <test-method status="PASS" signature="close()[pri:0, instance:com.test.ExcelRead@64729b1e]" name="close" is-config="true" duration-ms="4510" started-at="2020-08-04T20:01:36 EDT" finished-at="2020-08-04T20:01:40 EDT">
          <reporter-output>
          </reporter-output>
        </test-method> <!-- close -->
        <test-method status="PASS" signature="open()[pri:0, instance:com.test.ExcelRead@64729b1e]" name="open" is-config="true" duration-ms="7669" started-at="2020-08-04T20:01:40 EDT" finished-at="2020-08-04T20:01:48 EDT">
          <reporter-output>
          </reporter-output>
        </test-method> <!-- open -->
        <test-method status="PASS" signature="open(java.lang.Object, java.lang.Object, java.lang.Object, java.lang.Object)[pri:0, instance:com.test.ExcelRead@64729b1e]" name="open" duration-ms="817" started-at="2020-08-04T20:01:48 EDT" data-provider="Facebook" finished-at="2020-08-04T20:01:49 EDT">
          <params>
            <param index="0">
              <value>
                <![CDATA[Mr]]>
              </value>
            </param>
            <param index="1">
              <value>
                <![CDATA[Sumon]]>
              </value>
            </param>
            <param index="2">
              <value>
                <![CDATA[9.29465778E9]]>
              </value>
            </param>
            <param index="3">
              <value>
                <![CDATA[7.34721982E8]]>
              </value>
            </param>
          </params>
          <reporter-output>
          </reporter-output>
        </test-method> <!-- open -->
        <test-method status="PASS" signature="close()[pri:0, instance:com.test.ExcelRead@64729b1e]" name="close" is-config="true" duration-ms="382" started-at="2020-08-04T20:01:49 EDT" finished-at="2020-08-04T20:01:49 EDT">
          <reporter-output>
          </reporter-output>
        </test-method> <!-- close -->
        <test-method status="PASS" signature="open()[pri:0, instance:com.test.ExcelRead@64729b1e]" name="open" is-config="true" duration-ms="7762" started-at="2020-08-04T20:01:49 EDT" finished-at="2020-08-04T20:01:57 EDT">
          <reporter-output>
          </reporter-output>
        </test-method> <!-- open -->
        <test-method status="PASS" signature="open(java.lang.Object, java.lang.Object, java.lang.Object, java.lang.Object)[pri:0, instance:com.test.ExcelRead@64729b1e]" name="open" duration-ms="824" started-at="2020-08-04T20:01:57 EDT" data-provider="Facebook" finished-at="2020-08-04T20:01:58 EDT">
          <params>
            <param index="0">
              <value>
                <![CDATA[Md]]>
              </value>
            </param>
            <param index="1">
              <value>
                <![CDATA[Shamim]]>
              </value>
            </param>
            <param index="2">
              <value>
                <![CDATA[3.479802833E9]]>
              </value>
            </param>
            <param index="3">
              <value>
                <![CDATA[8.49012124E8]]>
              </value>
            </param>
          </params>
          <reporter-output>
          </reporter-output>
        </test-method> <!-- open -->
        <test-method status="PASS" signature="close()[pri:0, instance:com.test.ExcelRead@64729b1e]" name="close" is-config="true" duration-ms="412" started-at="2020-08-04T20:01:58 EDT" finished-at="2020-08-04T20:01:58 EDT">
          <reporter-output>
          </reporter-output>
        </test-method> <!-- close -->
        <test-method status="PASS" signature="open()[pri:0, instance:com.test.ExcelRead@64729b1e]" name="open" is-config="true" duration-ms="7681" started-at="2020-08-04T20:01:58 EDT" finished-at="2020-08-04T20:02:06 EDT">
          <reporter-output>
          </reporter-output>
        </test-method> <!-- open -->
        <test-method status="PASS" signature="open(java.lang.Object, java.lang.Object, java.lang.Object, java.lang.Object)[pri:0, instance:com.test.ExcelRead@64729b1e]" name="open" duration-ms="857" started-at="2020-08-04T20:02:06 EDT" data-provider="Facebook" finished-at="2020-08-04T20:02:07 EDT">
          <params>
            <param index="0">
              <value>
                <![CDATA[Mr]]>
              </value>
            </param>
            <param index="1">
              <value>
                <![CDATA[Ifti]]>
              </value>
            </param>
            <param index="2">
              <value>
                <![CDATA[7.173459012E9]]>
              </value>
            </param>
            <param index="3">
              <value>
                <![CDATA[8.4780918E7]]>
              </value>
            </param>
          </params>
          <reporter-output>
          </reporter-output>
        </test-method> <!-- open -->
        <test-method status="PASS" signature="close()[pri:0, instance:com.test.ExcelRead@64729b1e]" name="close" is-config="true" duration-ms="470" started-at="2020-08-04T20:02:07 EDT" finished-at="2020-08-04T20:02:07 EDT">
          <reporter-output>
          </reporter-output>
        </test-method> <!-- close -->
      </class> <!-- com.test.ExcelRead -->
    </test> <!-- Default test -->
  </suite> <!-- Default suite -->
</testng-results>
